  [1m[36mUser Load (2.1ms)[0m  [1m[34mSELECT "users".* FROM "users" LIMIT $1[0m  [["LIMIT", 11]]
  [1m[35m (3.3ms)[0m  [1m[34mSELECT pg_try_advisory_lock(5048500094563289490)[0m
  [1m[35m (5.9ms)[0m  [1m[34mSELECT "schema_migrations"."version" FROM "schema_migrations" ORDER BY "schema_migrations"."version" ASC[0m
Migrating to CreatePantry (20200104184855)
  [1m[35m (0.2ms)[0m  [1m[35mBEGIN[0m
  [1m[35m (29.5ms)[0m  [1m[35mCREATE TABLE "pantries" ("id" bigserial primary key, "user_id" integer, "name" character varying, "created_at" timestamp(6) NOT NULL, "updated_at" timestamp(6) NOT NULL)[0m
  [1m[36mprimary::SchemaMigration Create (0.9ms)[0m  [1m[32mINSERT INTO "schema_migrations" ("version") VALUES ($1) RETURNING "version"[0m  [["version", "20200104184855"]]
  [1m[35m (0.9ms)[0m  [1m[35mCOMMIT[0m
  [1m[36mActiveRecord::InternalMetadata Load (0.9ms)[0m  [1m[34mSELECT "ar_internal_metadata".* FROM "ar_internal_metadata" WHERE "ar_internal_metadata"."key" = $1 LIMIT $2[0m  [["key", "environment"], ["LIMIT", 1]]
  [1m[35m (0.2ms)[0m  [1m[34mSELECT pg_advisory_unlock(5048500094563289490)[0m
  [1m[35m (1.0ms)[0m  [1m[34mSELECT "schema_migrations"."version" FROM "schema_migrations" ORDER BY "schema_migrations"."version" ASC[0m
  [1m[36mUser Load (1.3ms)[0m  [1m[34mSELECT "users".* FROM "users" LIMIT $1[0m  [["LIMIT", 11]]
  [1m[36mPantry Load (0.5ms)[0m  [1m[34mSELECT "pantries".* FROM "pantries" LIMIT $1[0m  [["LIMIT", 11]]
  [1m[35m (0.2ms)[0m  [1m[35mBEGIN[0m
  [1m[36mUser Exists? (1.3ms)[0m  [1m[34mSELECT 1 AS one FROM "users" WHERE LOWER("users"."username") = LOWER($1) LIMIT $2[0m  [["username", "jasminnancy"], ["LIMIT", 1]]
  [1m[35m (0.3ms)[0m  [1m[31mROLLBACK[0m
  [1m[35m (1.4ms)[0m  [1m[34mSELECT pg_try_advisory_lock(5048500094563289490)[0m
  [1m[35m (2.8ms)[0m  [1m[34mSELECT "schema_migrations"."version" FROM "schema_migrations" ORDER BY "schema_migrations"."version" ASC[0m
  [1m[36mActiveRecord::InternalMetadata Load (2.3ms)[0m  [1m[34mSELECT "ar_internal_metadata".* FROM "ar_internal_metadata" WHERE "ar_internal_metadata"."key" = $1 LIMIT $2[0m  [["key", "environment"], ["LIMIT", 1]]
  [1m[35m (0.2ms)[0m  [1m[34mSELECT pg_advisory_unlock(5048500094563289490)[0m
  [1m[35m (0.6ms)[0m  [1m[34mSELECT "schema_migrations"."version" FROM "schema_migrations" ORDER BY "schema_migrations"."version" ASC[0m
  [1m[35m (0.1ms)[0m  [1m[34mSELECT pg_try_advisory_lock(5048500094563289490)[0m
  [1m[35m (0.5ms)[0m  [1m[34mSELECT "schema_migrations"."version" FROM "schema_migrations" ORDER BY "schema_migrations"."version" ASC[0m
Migrating to CreateCategories (20200108212327)
  [1m[35m (0.2ms)[0m  [1m[35mBEGIN[0m
  [1m[35m (15.3ms)[0m  [1m[35mCREATE TABLE "categories" ("id" bigserial primary key, "name" character varying, "created_at" timestamp(6) NOT NULL, "updated_at" timestamp(6) NOT NULL)[0m
  [1m[36mprimary::SchemaMigration Create (0.5ms)[0m  [1m[32mINSERT INTO "schema_migrations" ("version") VALUES ($1) RETURNING "version"[0m  [["version", "20200108212327"]]
  [1m[35m (0.6ms)[0m  [1m[35mCOMMIT[0m
  [1m[36mActiveRecord::InternalMetadata Load (0.3ms)[0m  [1m[34mSELECT "ar_internal_metadata".* FROM "ar_internal_metadata" WHERE "ar_internal_metadata"."key" = $1 LIMIT $2[0m  [["key", "environment"], ["LIMIT", 1]]
  [1m[35m (0.2ms)[0m  [1m[34mSELECT pg_advisory_unlock(5048500094563289490)[0m
  [1m[35m (0.6ms)[0m  [1m[34mSELECT "schema_migrations"."version" FROM "schema_migrations" ORDER BY "schema_migrations"."version" ASC[0m
  [1m[36mCategory Load (0.3ms)[0m  [1m[34mSELECT "categories".* FROM "categories" LIMIT $1[0m  [["LIMIT", 11]]
  [1m[35m (0.5ms)[0m  [1m[34mSELECT "schema_migrations"."version" FROM "schema_migrations" ORDER BY "schema_migrations"."version" ASC[0m
  [1m[36mCategory Load (0.4ms)[0m  [1m[34mSELECT "categories".* FROM "categories"[0m
  [1m[36mCategory Load (0.2ms)[0m  [1m[34mSELECT "categories".* FROM "categories" LIMIT $1[0m  [["LIMIT", 11]]
  [1m[36mCategory Load (0.6ms)[0m  [1m[34mSELECT "categories".* FROM "categories" LIMIT $1[0m  [["LIMIT", 11]]
  [1m[35m (0.5ms)[0m  [1m[34mSELECT "schema_migrations"."version" FROM "schema_migrations" ORDER BY "schema_migrations"."version" ASC[0m
  [1m[36mCategory Load (0.4ms)[0m  [1m[34mSELECT "categories".* FROM "categories"[0m
  [1m[35m (0.1ms)[0m  [1m[34mSELECT pg_try_advisory_lock(5048500094563289490)[0m
  [1m[35m (0.5ms)[0m  [1m[34mSELECT "schema_migrations"."version" FROM "schema_migrations" ORDER BY "schema_migrations"."version" ASC[0m
  [1m[36mActiveRecord::InternalMetadata Load (0.3ms)[0m  [1m[34mSELECT "ar_internal_metadata".* FROM "ar_internal_metadata" WHERE "ar_internal_metadata"."key" = $1 LIMIT $2[0m  [["key", "environment"], ["LIMIT", 1]]
  [1m[35m (0.1ms)[0m  [1m[34mSELECT pg_advisory_unlock(5048500094563289490)[0m
  [1m[35m (0.5ms)[0m  [1m[34mSELECT "schema_migrations"."version" FROM "schema_migrations" ORDER BY "schema_migrations"."version" ASC[0m
  [1m[35m (0.5ms)[0m  [1m[34mSELECT "schema_migrations"."version" FROM "schema_migrations" ORDER BY "schema_migrations"."version" ASC[0m
  [1m[36mCategory Load (0.4ms)[0m  [1m[34mSELECT "categories".* FROM "categories"[0m
  [1m[36mUser Load (0.3ms)[0m  [1m[34mSELECT "users".* FROM "users" LIMIT $1[0m  [["LIMIT", 11]]
  [1m[36mCategory Load (0.5ms)[0m  [1m[34mSELECT "categories".* FROM "categories" LIMIT $1[0m  [["LIMIT", 11]]
  [1m[36mCategory Load (0.5ms)[0m  [1m[34mSELECT "categories".* FROM "categories" LIMIT $1[0m  [["LIMIT", 11]]
  [1m[35m (0.5ms)[0m  [1m[34mSELECT "schema_migrations"."version" FROM "schema_migrations" ORDER BY "schema_migrations"."version" ASC[0m
  [1m[35m (0.1ms)[0m  [1m[34mSELECT "schema_migrations"."version" FROM "schema_migrations" ORDER BY "schema_migrations"."version" ASC[0m
  [1m[35m (0.2ms)[0m  [1m[34mSELECT "schema_migrations"."version" FROM "schema_migrations" ORDER BY "schema_migrations"."version" ASC[0m
  [1m[35m (0.1ms)[0m  [1m[34mSELECT pg_try_advisory_lock(5048500094563289490)[0m
  [1m[35m (0.1ms)[0m  [1m[34mSELECT "schema_migrations"."version" FROM "schema_migrations" ORDER BY "schema_migrations"."version" ASC[0m
Migrating to CreateCategories (20200108212327)
  [1m[35m (0.1ms)[0m  [1m[35mBEGIN[0m
  [1m[35m (5.1ms)[0m  [1m[35mDROP TABLE "categories"[0m
  [1m[36mprimary::SchemaMigration Destroy (0.4ms)[0m  [1m[31mDELETE FROM "schema_migrations" WHERE "schema_migrations"."version" = $1[0m  [["version", "20200108212327"]]
  [1m[35m (1.3ms)[0m  [1m[35mCOMMIT[0m
  [1m[35m (0.2ms)[0m  [1m[34mSELECT pg_advisory_unlock(5048500094563289490)[0m
  [1m[35m (0.5ms)[0m  [1m[34mSELECT "schema_migrations"."version" FROM "schema_migrations" ORDER BY "schema_migrations"."version" ASC[0m
  [1m[35m (0.1ms)[0m  [1m[34mSELECT pg_try_advisory_lock(5048500094563289490)[0m
  [1m[35m (0.5ms)[0m  [1m[34mSELECT "schema_migrations"."version" FROM "schema_migrations" ORDER BY "schema_migrations"."version" ASC[0m
Migrating to CreateCategories (20200108212327)
  [1m[35m (0.1ms)[0m  [1m[35mBEGIN[0m
  [1m[35m (4.5ms)[0m  [1m[35mCREATE TABLE "categories" ("id" bigserial primary key, "name" character varying, "pantry_id" integer, "created_at" timestamp(6) NOT NULL, "updated_at" timestamp(6) NOT NULL)[0m
  [1m[36mprimary::SchemaMigration Create (0.4ms)[0m  [1m[32mINSERT INTO "schema_migrations" ("version") VALUES ($1) RETURNING "version"[0m  [["version", "20200108212327"]]
  [1m[35m (0.4ms)[0m  [1m[35mCOMMIT[0m
  [1m[36mActiveRecord::InternalMetadata Load (0.3ms)[0m  [1m[34mSELECT "ar_internal_metadata".* FROM "ar_internal_metadata" WHERE "ar_internal_metadata"."key" = $1 LIMIT $2[0m  [["key", "environment"], ["LIMIT", 1]]
  [1m[35m (0.1ms)[0m  [1m[34mSELECT pg_advisory_unlock(5048500094563289490)[0m
  [1m[35m (0.6ms)[0m  [1m[34mSELECT "schema_migrations"."version" FROM "schema_migrations" ORDER BY "schema_migrations"."version" ASC[0m
  [1m[35m (0.5ms)[0m  [1m[34mSELECT "schema_migrations"."version" FROM "schema_migrations" ORDER BY "schema_migrations"."version" ASC[0m
  [1m[35m (0.2ms)[0m  [1m[35mBEGIN[0m
  [1m[36mUser Exists? (0.6ms)[0m  [1m[34mSELECT 1 AS one FROM "users" WHERE LOWER("users"."username") = LOWER($1) LIMIT $2[0m  [["username", "jasminnancy"], ["LIMIT", 1]]
  [1m[36mUser Create (4.8ms)[0m  [1m[32mINSERT INTO "users" ("username", "password_digest", "created_at", "updated_at") VALUES ($1, $2, $3, $4) RETURNING "id"[0m  [["username", "jasminnancy"], ["password_digest", "$2a$12$3WoKNghN0CCL2dgglQhHg.mg.5gQ739q2P//1kdCPVLrsD63229/2"], ["created_at", "2020-01-08 21:43:57.650894"], ["updated_at", "2020-01-08 21:43:57.650894"]]
  [1m[35m (0.5ms)[0m  [1m[35mCOMMIT[0m
  [1m[35m (0.2ms)[0m  [1m[35mBEGIN[0m
  [1m[36mUser Load (0.2ms)[0m  [1m[34mSELECT "users".* FROM "users" WHERE "users"."id" = $1 LIMIT $2[0m  [["id", 1], ["LIMIT", 1]]
  [1m[36mPantry Create (0.5ms)[0m  [1m[32mINSERT INTO "pantries" ("user_id", "name", "created_at", "updated_at") VALUES ($1, $2, $3, $4) RETURNING "id"[0m  [["user_id", 1], ["name", "Test Pantry"], ["created_at", "2020-01-08 21:43:57.675967"], ["updated_at", "2020-01-08 21:43:57.675967"]]
  [1m[35m (0.3ms)[0m  [1m[35mCOMMIT[0m
  [1m[36mCategory Load (0.4ms)[0m  [1m[34mSELECT "categories".* FROM "categories"[0m
  [1m[35m (0.1ms)[0m  [1m[35mBEGIN[0m
  [1m[36mPantry Load (0.2ms)[0m  [1m[34mSELECT "pantries".* FROM "pantries" WHERE "pantries"."id" = $1 LIMIT $2[0m  [["id", 1], ["LIMIT", 1]]
  [1m[36mCategory Create (0.4ms)[0m  [1m[32mINSERT INTO "categories" ("name", "pantry_id", "created_at", "updated_at") VALUES ($1, $2, $3, $4) RETURNING "id"[0m  [["name", "Alcohol"], ["pantry_id", 1], ["created_at", "2020-01-08 21:43:57.687790"], ["updated_at", "2020-01-08 21:43:57.687790"]]
  [1m[35m (0.4ms)[0m  [1m[35mCOMMIT[0m
  [1m[35m (0.2ms)[0m  [1m[35mBEGIN[0m
  [1m[36mPantry Load (0.3ms)[0m  [1m[34mSELECT "pantries".* FROM "pantries" WHERE "pantries"."id" = $1 LIMIT $2[0m  [["id", 1], ["LIMIT", 1]]
  [1m[36mCategory Create (0.4ms)[0m  [1m[32mINSERT INTO "categories" ("name", "pantry_id", "created_at", "updated_at") VALUES ($1, $2, $3, $4) RETURNING "id"[0m  [["name", "Beverages"], ["pantry_id", 1], ["created_at", "2020-01-08 21:43:57.694168"], ["updated_at", "2020-01-08 21:43:57.694168"]]
  [1m[35m (0.4ms)[0m  [1m[35mCOMMIT[0m
  [1m[35m (0.1ms)[0m  [1m[35mBEGIN[0m
  [1m[36mPantry Load (0.3ms)[0m  [1m[34mSELECT "pantries".* FROM "pantries" WHERE "pantries"."id" = $1 LIMIT $2[0m  [["id", 1], ["LIMIT", 1]]
  [1m[36mCategory Create (0.3ms)[0m  [1m[32mINSERT INTO "categories" ("name", "pantry_id", "created_at", "updated_at") VALUES ($1, $2, $3, $4) RETURNING "id"[0m  [["name", "Baking and Grains"], ["pantry_id", 1], ["created_at", "2020-01-08 21:43:57.699580"], ["updated_at", "2020-01-08 21:43:57.699580"]]
  [1m[35m (0.3ms)[0m  [1m[35mCOMMIT[0m
  [1m[35m (0.1ms)[0m  [1m[35mBEGIN[0m
  [1m[36mPantry Load (0.2ms)[0m  [1m[34mSELECT "pantries".* FROM "pantries" WHERE "pantries"."id" = $1 LIMIT $2[0m  [["id", 1], ["LIMIT", 1]]
  [1m[36mCategory Create (0.2ms)[0m  [1m[32mINSERT INTO "categories" ("name", "pantry_id", "created_at", "updated_at") VALUES ($1, $2, $3, $4) RETURNING "id"[0m  [["name", "Boxed Foods"], ["pantry_id", 1], ["created_at", "2020-01-08 21:43:57.704232"], ["updated_at", "2020-01-08 21:43:57.704232"]]
  [1m[35m (0.3ms)[0m  [1m[35mCOMMIT[0m
  [1m[35m (0.1ms)[0m  [1m[35mBEGIN[0m
  [1m[36mPantry Load (0.2ms)[0m  [1m[34mSELECT "pantries".* FROM "pantries" WHERE "pantries"."id" = $1 LIMIT $2[0m  [["id", 1], ["LIMIT", 1]]
  [1m[36mCategory Create (0.2ms)[0m  [1m[32mINSERT INTO "categories" ("name", "pantry_id", "created_at", "updated_at") VALUES ($1, $2, $3, $4) RETURNING "id"[0m  [["name", "Canned Foods"], ["pantry_id", 1], ["created_at", "2020-01-08 21:43:57.708151"], ["updated_at", "2020-01-08 21:43:57.708151"]]
  [1m[35m (0.3ms)[0m  [1m[35mCOMMIT[0m
  [1m[35m (0.1ms)[0m  [1m[35mBEGIN[0m
  [1m[36mPantry Load (0.2ms)[0m  [1m[34mSELECT "pantries".* FROM "pantries" WHERE "pantries"."id" = $1 LIMIT $2[0m  [["id", 1], ["LIMIT", 1]]
  [1m[36mCategory Create (0.2ms)[0m  [1m[32mINSERT INTO "categories" ("name", "pantry_id", "created_at", "updated_at") VALUES ($1, $2, $3, $4) RETURNING "id"[0m  [["name", "Condiments"], ["pantry_id", 1], ["created_at", "2020-01-08 21:43:57.711968"], ["updated_at", "2020-01-08 21:43:57.711968"]]
  [1m[35m (0.3ms)[0m  [1m[35mCOMMIT[0m
  [1m[35m (0.1ms)[0m  [1m[35mBEGIN[0m
  [1m[36mPantry Load (0.1ms)[0m  [1m[34mSELECT "pantries".* FROM "pantries" WHERE "pantries"."id" = $1 LIMIT $2[0m  [["id", 1], ["LIMIT", 1]]
  [1m[36mCategory Create (0.2ms)[0m  [1m[32mINSERT INTO "categories" ("name", "pantry_id", "created_at", "updated_at") VALUES ($1, $2, $3, $4) RETURNING "id"[0m  [["name", "Dairy"], ["pantry_id", 1], ["created_at", "2020-01-08 21:43:57.715442"], ["updated_at", "2020-01-08 21:43:57.715442"]]
  [1m[35m (0.3ms)[0m  [1m[35mCOMMIT[0m
  [1m[35m (0.1ms)[0m  [1m[35mBEGIN[0m
  [1m[36mPantry Load (0.1ms)[0m  [1m[34mSELECT "pantries".* FROM "pantries" WHERE "pantries"."id" = $1 LIMIT $2[0m  [["id", 1], ["LIMIT", 1]]
  [1m[36mCategory Create (0.2ms)[0m  [1m[32mINSERT INTO "categories" ("name", "pantry_id", "created_at", "updated_at") VALUES ($1, $2, $3, $4) RETURNING "id"[0m  [["name", "Fish and Seafood"], ["pantry_id", 1], ["created_at", "2020-01-08 21:43:57.718794"], ["updated_at", "2020-01-08 21:43:57.718794"]]
  [1m[35m (0.4ms)[0m  [1m[35mCOMMIT[0m
  [1m[35m (0.1ms)[0m  [1m[35mBEGIN[0m
  [1m[36mPantry Load (0.1ms)[0m  [1m[34mSELECT "pantries".* FROM "pantries" WHERE "pantries"."id" = $1 LIMIT $2[0m  [["id", 1], ["LIMIT", 1]]
  [1m[36mCategory Create (0.2ms)[0m  [1m[32mINSERT INTO "categories" ("name", "pantry_id", "created_at", "updated_at") VALUES ($1, $2, $3, $4) RETURNING "id"[0m  [["name", "Fruits"], ["pantry_id", 1], ["created_at", "2020-01-08 21:43:57.723135"], ["updated_at", "2020-01-08 21:43:57.723135"]]
  [1m[35m (0.3ms)[0m  [1m[35mCOMMIT[0m
  [1m[35m (0.1ms)[0m  [1m[35mBEGIN[0m
  [1m[36mPantry Load (0.1ms)[0m  [1m[34mSELECT "pantries".* FROM "pantries" WHERE "pantries"."id" = $1 LIMIT $2[0m  [["id", 1], ["LIMIT", 1]]
  [1m[36mCategory Create (0.3ms)[0m  [1m[32mINSERT INTO "categories" ("name", "pantry_id", "created_at", "updated_at") VALUES ($1, $2, $3, $4) RETURNING "id"[0m  [["name", "Meats"], ["pantry_id", 1], ["created_at", "2020-01-08 21:43:57.727370"], ["updated_at", "2020-01-08 21:43:57.727370"]]
  [1m[35m (0.3ms)[0m  [1m[35mCOMMIT[0m
  [1m[35m (0.1ms)[0m  [1m[35mBEGIN[0m
  [1m[36mPantry Load (0.1ms)[0m  [1m[34mSELECT "pantries".* FROM "pantries" WHERE "pantries"."id" = $1 LIMIT $2[0m  [["id", 1], ["LIMIT", 1]]
  [1m[36mCategory Create (0.3ms)[0m  [1m[32mINSERT INTO "categories" ("name", "pantry_id", "created_at", "updated_at") VALUES ($1, $2, $3, $4) RETURNING "id"[0m  [["name", "Sauces and Seasonings"], ["pantry_id", 1], ["created_at", "2020-01-08 21:43:57.731623"], ["updated_at", "2020-01-08 21:43:57.731623"]]
  [1m[35m (0.5ms)[0m  [1m[35mCOMMIT[0m
  [1m[35m (0.2ms)[0m  [1m[35mBEGIN[0m
  [1m[36mPantry Load (0.2ms)[0m  [1m[34mSELECT "pantries".* FROM "pantries" WHERE "pantries"."id" = $1 LIMIT $2[0m  [["id", 1], ["LIMIT", 1]]
  [1m[36mCategory Create (0.5ms)[0m  [1m[32mINSERT INTO "categories" ("name", "pantry_id", "created_at", "updated_at") VALUES ($1, $2, $3, $4) RETURNING "id"[0m  [["name", "Snacks"], ["pantry_id", 1], ["created_at", "2020-01-08 21:43:57.749455"], ["updated_at", "2020-01-08 21:43:57.749455"]]
  [1m[35m (0.4ms)[0m  [1m[35mCOMMIT[0m
  [1m[35m (0.1ms)[0m  [1m[35mBEGIN[0m
  [1m[36mPantry Load (0.2ms)[0m  [1m[34mSELECT "pantries".* FROM "pantries" WHERE "pantries"."id" = $1 LIMIT $2[0m  [["id", 1], ["LIMIT", 1]]
  [1m[36mCategory Create (0.3ms)[0m  [1m[32mINSERT INTO "categories" ("name", "pantry_id", "created_at", "updated_at") VALUES ($1, $2, $3, $4) RETURNING "id"[0m  [["name", "Spices"], ["pantry_id", 1], ["created_at", "2020-01-08 21:43:57.754874"], ["updated_at", "2020-01-08 21:43:57.754874"]]
  [1m[35m (0.4ms)[0m  [1m[35mCOMMIT[0m
  [1m[35m (0.1ms)[0m  [1m[35mBEGIN[0m
  [1m[36mPantry Load (0.2ms)[0m  [1m[34mSELECT "pantries".* FROM "pantries" WHERE "pantries"."id" = $1 LIMIT $2[0m  [["id", 1], ["LIMIT", 1]]
  [1m[36mCategory Create (0.2ms)[0m  [1m[32mINSERT INTO "categories" ("name", "pantry_id", "created_at", "updated_at") VALUES ($1, $2, $3, $4) RETURNING "id"[0m  [["name", "Vegetables"], ["pantry_id", 1], ["created_at", "2020-01-08 21:43:57.759151"], ["updated_at", "2020-01-08 21:43:57.759151"]]
  [1m[35m (0.3ms)[0m  [1m[35mCOMMIT[0m
  [1m[36mUser Load (0.3ms)[0m  [1m[34mSELECT "users".* FROM "users" LIMIT $1[0m  [["LIMIT", 11]]
  [1m[36mPantry Load (0.5ms)[0m  [1m[34mSELECT "pantries".* FROM "pantries" LIMIT $1[0m  [["LIMIT", 11]]
  [1m[36mCategory Load (0.5ms)[0m  [1m[34mSELECT "categories".* FROM "categories" LIMIT $1[0m  [["LIMIT", 11]]
  [1m[36mCategory Load (0.5ms)[0m  [1m[34mSELECT "categories".* FROM "categories" ORDER BY "categories"."id" ASC LIMIT $1[0m  [["LIMIT", 1]]
  [1m[36mUser Load (0.3ms)[0m  [1m[34mSELECT "users".* FROM "users" ORDER BY "users"."id" ASC LIMIT $1[0m  [["LIMIT", 1]]
  [1m[36mUser Load (0.3ms)[0m  [1m[34mSELECT "users".* FROM "users" ORDER BY "users"."id" ASC LIMIT $1[0m  [["LIMIT", 1]]
  [1m[36mPantry Load (0.4ms)[0m  [1m[34mSELECT "pantries".* FROM "pantries" WHERE "pantries"."user_id" = $1 LIMIT $2[0m  [["user_id", 1], ["LIMIT", 1]]
  [1m[36mCategory Load (0.8ms)[0m  [1m[34mSELECT "categories".* FROM "categories" WHERE "categories"."pantry_id" = $1 LIMIT $2[0m  [["pantry_id", 1], ["LIMIT", 11]]
  [1m[36mCategory Load (0.4ms)[0m  [1m[34mSELECT "categories".* FROM "categories" ORDER BY "categories"."id" ASC LIMIT $1[0m  [["LIMIT", 1]]
  [1m[36mCategory Load (0.5ms)[0m  [1m[34mSELECT "categories".* FROM "categories" ORDER BY "categories"."id" ASC LIMIT $1[0m  [["LIMIT", 1]]
  [1m[36mPantry Load (0.3ms)[0m  [1m[34mSELECT "pantries".* FROM "pantries" WHERE "pantries"."id" = $1 LIMIT $2[0m  [["id", 1], ["LIMIT", 1]]
  [1m[36mCategory Load (0.6ms)[0m  [1m[34mSELECT "categories".* FROM "categories" ORDER BY "categories"."id" ASC LIMIT $1[0m  [["LIMIT", 1]]
  [1m[36mUser Load (0.3ms)[0m  [1m[34mSELECT "users".* FROM "users" ORDER BY "users"."id" ASC LIMIT $1[0m  [["LIMIT", 1]]
  [1m[36mCategory Load (0.8ms)[0m  [1m[34mSELECT "categories".* FROM "categories" INNER JOIN "pantries" ON "categories"."pantry_id" = "pantries"."id" WHERE "pantries"."user_id" = $1 LIMIT $2[0m  [["user_id", 1], ["LIMIT", 11]]
  [1m[36mCategory Load (0.4ms)[0m  [1m[34mSELECT "categories".* FROM "categories" ORDER BY "categories"."id" ASC LIMIT $1[0m  [["LIMIT", 1]]
  [1m[36mCategory Load (0.7ms)[0m  [1m[34mSELECT "categories".* FROM "categories" ORDER BY "categories"."id" ASC LIMIT $1[0m  [["LIMIT", 1]]
  [1m[36mCategory Load (0.5ms)[0m  [1m[34mSELECT "categories".* FROM "categories" ORDER BY "categories"."id" ASC LIMIT $1[0m  [["LIMIT", 1]]
  [1m[36mPantry Load (0.3ms)[0m  [1m[34mSELECT "pantries".* FROM "pantries" WHERE "pantries"."id" = $1 LIMIT $2[0m  [["id", 1], ["LIMIT", 1]]
  [1m[36mCategory Load (0.3ms)[0m  [1m[34mSELECT "categories".* FROM "categories" ORDER BY "categories"."id" ASC LIMIT $1[0m  [["LIMIT", 1]]
  [1m[36mPantry Load (0.3ms)[0m  [1m[34mSELECT "pantries".* FROM "pantries" WHERE "pantries"."id" = $1 LIMIT $2[0m  [["id", 1], ["LIMIT", 1]]
  [1m[36mUser Load (0.3ms)[0m  [1m[34mSELECT "users".* FROM "users" WHERE "users"."id" = $1 LIMIT $2[0m  [["id", 1], ["LIMIT", 1]]
  [1m[35m (0.5ms)[0m  [1m[34mSELECT "schema_migrations"."version" FROM "schema_migrations" ORDER BY "schema_migrations"."version" ASC[0m
  [1m[35m (0.1ms)[0m  [1m[34mSELECT "schema_migrations"."version" FROM "schema_migrations" ORDER BY "schema_migrations"."version" ASC[0m
  [1m[35m (0.1ms)[0m  [1m[34mSELECT "schema_migrations"."version" FROM "schema_migrations" ORDER BY "schema_migrations"."version" ASC[0m
  [1m[35m (0.1ms)[0m  [1m[34mSELECT pg_try_advisory_lock(5048500094563289490)[0m
  [1m[35m (0.1ms)[0m  [1m[34mSELECT "schema_migrations"."version" FROM "schema_migrations" ORDER BY "schema_migrations"."version" ASC[0m
Migrating to CreateCategories (20200108212327)
  [1m[35m (0.1ms)[0m  [1m[35mBEGIN[0m
  [1m[35m (1.6ms)[0m  [1m[35mDROP TABLE "categories"[0m
  [1m[36mprimary::SchemaMigration Destroy (0.5ms)[0m  [1m[31mDELETE FROM "schema_migrations" WHERE "schema_migrations"."version" = $1[0m  [["version", "20200108212327"]]
  [1m[35m (1.9ms)[0m  [1m[35mCOMMIT[0m
  [1m[35m (0.3ms)[0m  [1m[34mSELECT pg_advisory_unlock(5048500094563289490)[0m
  [1m[35m (1.0ms)[0m  [1m[34mSELECT "schema_migrations"."version" FROM "schema_migrations" ORDER BY "schema_migrations"."version" ASC[0m
  [1m[35m (0.1ms)[0m  [1m[34mSELECT pg_try_advisory_lock(5048500094563289490)[0m
  [1m[35m (0.5ms)[0m  [1m[34mSELECT "schema_migrations"."version" FROM "schema_migrations" ORDER BY "schema_migrations"."version" ASC[0m
Migrating to CreateCategories (20200108212327)
  [1m[35m (0.1ms)[0m  [1m[35mBEGIN[0m
  [1m[35m (4.0ms)[0m  [1m[35mCREATE TABLE "categories" ("id" bigserial primary key, "name" character varying, "item_id" integer, "created_at" timestamp(6) NOT NULL, "updated_at" timestamp(6) NOT NULL)[0m
  [1m[36mprimary::SchemaMigration Create (0.3ms)[0m  [1m[32mINSERT INTO "schema_migrations" ("version") VALUES ($1) RETURNING "version"[0m  [["version", "20200108212327"]]
  [1m[35m (0.4ms)[0m  [1m[35mCOMMIT[0m
Migrating to CreateItems (20200108214918)
  [1m[35m (0.2ms)[0m  [1m[35mBEGIN[0m
  [1m[35m (3.0ms)[0m  [1m[35mCREATE TABLE "items" ("id" bigserial primary key, "name" character varying, "pantry_id" integer, "created_at" timestamp(6) NOT NULL, "updated_at" timestamp(6) NOT NULL)[0m
  [1m[36mprimary::SchemaMigration Create (0.3ms)[0m  [1m[32mINSERT INTO "schema_migrations" ("version") VALUES ($1) RETURNING "version"[0m  [["version", "20200108214918"]]
  [1m[35m (0.3ms)[0m  [1m[35mCOMMIT[0m
  [1m[36mActiveRecord::InternalMetadata Load (0.3ms)[0m  [1m[34mSELECT "ar_internal_metadata".* FROM "ar_internal_metadata" WHERE "ar_internal_metadata"."key" = $1 LIMIT $2[0m  [["key", "environment"], ["LIMIT", 1]]
  [1m[35m (0.2ms)[0m  [1m[34mSELECT pg_advisory_unlock(5048500094563289490)[0m
  [1m[35m (0.5ms)[0m  [1m[34mSELECT "schema_migrations"."version" FROM "schema_migrations" ORDER BY "schema_migrations"."version" ASC[0m
  [1m[35m (0.6ms)[0m  [1m[34mSELECT "schema_migrations"."version" FROM "schema_migrations" ORDER BY "schema_migrations"."version" ASC[0m
  [1m[35m (0.3ms)[0m  [1m[34mSELECT "ar_internal_metadata"."value" FROM "ar_internal_metadata" WHERE "ar_internal_metadata"."key" = $1[0m  [["key", "environment"]]
  [1m[35m (0.1ms)[0m  [1m[34mSELECT "schema_migrations"."version" FROM "schema_migrations" ORDER BY "schema_migrations"."version" ASC[0m
  [1m[35m (0.1ms)[0m  [1m[34mSELECT "ar_internal_metadata"."value" FROM "ar_internal_metadata" WHERE "ar_internal_metadata"."key" = $1[0m  [["key", "environment"]]
  [1m[35m (0.1ms)[0m  [1m[34mSELECT "schema_migrations"."version" FROM "schema_migrations" ORDER BY "schema_migrations"."version" ASC[0m
  [1m[35m (0.1ms)[0m  [1m[34mSELECT "ar_internal_metadata"."value" FROM "ar_internal_metadata" WHERE "ar_internal_metadata"."key" = $1[0m  [["key", "environment"]]
  [1m[35m (147.1ms)[0m  [1m[35mDROP DATABASE IF EXISTS "backend_fandf_development"[0m
  [1m[35m (147.1ms)[0m  [1m[35mDROP DATABASE IF EXISTS "backend_fandf_test"[0m
  [1m[35m (380.7ms)[0m  [1m[35mCREATE DATABASE "backend_fandf_development" ENCODING = 'unicode'[0m
  [1m[35m (281.6ms)[0m  [1m[35mCREATE DATABASE "backend_fandf_test" ENCODING = 'unicode'[0m
  [1m[35mSQL (0.9ms)[0m  [1m[35mCREATE EXTENSION IF NOT EXISTS "plpgsql"[0m
  [1m[35m (0.2ms)[0m  [1m[35mDROP TABLE IF EXISTS "categories" CASCADE[0m
  [1m[35m (6.0ms)[0m  [1m[35mCREATE TABLE "categories" ("id" bigserial primary key, "name" character varying, "item_id" integer, "created_at" timestamp(6) NOT NULL, "updated_at" timestamp(6) NOT NULL)[0m
  [1m[35m (0.4ms)[0m  [1m[35mDROP TABLE IF EXISTS "items" CASCADE[0m
  [1m[35m (3.6ms)[0m  [1m[35mCREATE TABLE "items" ("id" bigserial primary key, "name" character varying, "pantry_id" integer, "created_at" timestamp(6) NOT NULL, "updated_at" timestamp(6) NOT NULL)[0m
  [1m[35m (0.3ms)[0m  [1m[35mDROP TABLE IF EXISTS "pantries" CASCADE[0m
  [1m[35m (3.3ms)[0m  [1m[35mCREATE TABLE "pantries" ("id" bigserial primary key, "user_id" integer, "name" character varying, "created_at" timestamp(6) NOT NULL, "updated_at" timestamp(6) NOT NULL)[0m
  [1m[35m (0.2ms)[0m  [1m[35mDROP TABLE IF EXISTS "users" CASCADE[0m
  [1m[35m (3.2ms)[0m  [1m[35mCREATE TABLE "users" ("id" bigserial primary key, "username" character varying, "password_digest" character varying, "email" character varying, "created_at" timestamp(6) NOT NULL, "updated_at" timestamp(6) NOT NULL)[0m
  [1m[35m (2.7ms)[0m  [1m[35mCREATE TABLE "schema_migrations" ("version" character varying NOT NULL PRIMARY KEY)[0m
  [1m[35m (0.4ms)[0m  [1m[34mSELECT "schema_migrations"."version" FROM "schema_migrations" ORDER BY "schema_migrations"."version" ASC[0m
  [1m[35m (0.8ms)[0m  [1m[32mINSERT INTO "schema_migrations" (version) VALUES (20200108214918)[0m
  [1m[35m (0.4ms)[0m  [1m[32mINSERT INTO "schema_migrations" (version) VALUES
(20191115180448),
(20200104184855),
(20200108212327);

[0m
  [1m[35m (2.4ms)[0m  [1m[35mCREATE TABLE "ar_internal_metadata" ("key" character varying NOT NULL PRIMARY KEY, "value" character varying, "created_at" timestamp(6) NOT NULL, "updated_at" timestamp(6) NOT NULL)[0m
  [1m[36mActiveRecord::InternalMetadata Load (0.2ms)[0m  [1m[34mSELECT "ar_internal_metadata".* FROM "ar_internal_metadata" WHERE "ar_internal_metadata"."key" = $1 LIMIT $2[0m  [["key", "environment"], ["LIMIT", 1]]
  [1m[35m (0.1ms)[0m  [1m[35mBEGIN[0m
  [1m[36mActiveRecord::InternalMetadata Create (0.3ms)[0m  [1m[32mINSERT INTO "ar_internal_metadata" ("key", "value", "created_at", "updated_at") VALUES ($1, $2, $3, $4) RETURNING "key"[0m  [["key", "environment"], ["value", "development"], ["created_at", "2020-01-08 21:54:26.494576"], ["updated_at", "2020-01-08 21:54:26.494576"]]
  [1m[35m (0.4ms)[0m  [1m[35mCOMMIT[0m
  [1m[36mActiveRecord::InternalMetadata Load (0.2ms)[0m  [1m[34mSELECT "ar_internal_metadata".* FROM "ar_internal_metadata" WHERE "ar_internal_metadata"."key" = $1 LIMIT $2[0m  [["key", "environment"], ["LIMIT", 1]]
  [1m[36mActiveRecord::InternalMetadata Load (0.3ms)[0m  [1m[34mSELECT "ar_internal_metadata".* FROM "ar_internal_metadata" WHERE "ar_internal_metadata"."key" = $1 LIMIT $2[0m  [["key", "schema_sha1"], ["LIMIT", 1]]
  [1m[35m (0.1ms)[0m  [1m[35mBEGIN[0m
  [1m[36mActiveRecord::InternalMetadata Create (0.2ms)[0m  [1m[32mINSERT INTO "ar_internal_metadata" ("key", "value", "created_at", "updated_at") VALUES ($1, $2, $3, $4) RETURNING "key"[0m  [["key", "schema_sha1"], ["value", "cddcf5167cf09ba9240d7649a6bf614a1352c463"], ["created_at", "2020-01-08 21:54:26.500982"], ["updated_at", "2020-01-08 21:54:26.500982"]]
  [1m[35m (0.3ms)[0m  [1m[35mCOMMIT[0m
  [1m[35mSQL (0.3ms)[0m  [1m[35mCREATE EXTENSION IF NOT EXISTS "plpgsql"[0m
  [1m[35m (0.1ms)[0m  [1m[35mDROP TABLE IF EXISTS "categories" CASCADE[0m
  [1m[35m (6.6ms)[0m  [1m[35mCREATE TABLE "categories" ("id" bigserial primary key, "name" character varying, "item_id" integer, "created_at" timestamp(6) NOT NULL, "updated_at" timestamp(6) NOT NULL)[0m
  [1m[35m (0.4ms)[0m  [1m[35mDROP TABLE IF EXISTS "items" CASCADE[0m
  [1m[35m (3.2ms)[0m  [1m[35mCREATE TABLE "items" ("id" bigserial primary key, "name" character varying, "pantry_id" integer, "created_at" timestamp(6) NOT NULL, "updated_at" timestamp(6) NOT NULL)[0m
  [1m[35m (0.6ms)[0m  [1m[35mDROP TABLE IF EXISTS "pantries" CASCADE[0m
  [1m[35m (3.0ms)[0m  [1m[35mCREATE TABLE "pantries" ("id" bigserial primary key, "user_id" integer, "name" character varying, "created_at" timestamp(6) NOT NULL, "updated_at" timestamp(6) NOT NULL)[0m
  [1m[35m (0.2ms)[0m  [1m[35mDROP TABLE IF EXISTS "users" CASCADE[0m
  [1m[35m (3.7ms)[0m  [1m[35mCREATE TABLE "users" ("id" bigserial primary key, "username" character varying, "password_digest" character varying, "email" character varying, "created_at" timestamp(6) NOT NULL, "updated_at" timestamp(6) NOT NULL)[0m
  [1m[35m (2.4ms)[0m  [1m[35mCREATE TABLE "schema_migrations" ("version" character varying NOT NULL PRIMARY KEY)[0m
  [1m[35m (0.4ms)[0m  [1m[34mSELECT "schema_migrations"."version" FROM "schema_migrations" ORDER BY "schema_migrations"."version" ASC[0m
  [1m[35m (0.7ms)[0m  [1m[32mINSERT INTO "schema_migrations" (version) VALUES (20200108214918)[0m
  [1m[35m (0.4ms)[0m  [1m[32mINSERT INTO "schema_migrations" (version) VALUES
(20191115180448),
(20200104184855),
(20200108212327);

[0m
  [1m[35m (2.5ms)[0m  [1m[35mCREATE TABLE "ar_internal_metadata" ("key" character varying NOT NULL PRIMARY KEY, "value" character varying, "created_at" timestamp(6) NOT NULL, "updated_at" timestamp(6) NOT NULL)[0m
  [1m[36mActiveRecord::InternalMetadata Load (0.3ms)[0m  [1m[34mSELECT "ar_internal_metadata".* FROM "ar_internal_metadata" WHERE "ar_internal_metadata"."key" = $1 LIMIT $2[0m  [["key", "environment"], ["LIMIT", 1]]
  [1m[35m (0.1ms)[0m  [1m[35mBEGIN[0m
  [1m[36mActiveRecord::InternalMetadata Create (0.3ms)[0m  [1m[32mINSERT INTO "ar_internal_metadata" ("key", "value", "created_at", "updated_at") VALUES ($1, $2, $3, $4) RETURNING "key"[0m  [["key", "environment"], ["value", "development"], ["created_at", "2020-01-08 21:54:26.561538"], ["updated_at", "2020-01-08 21:54:26.561538"]]
  [1m[35m (0.3ms)[0m  [1m[35mCOMMIT[0m
  [1m[36mActiveRecord::InternalMetadata Load (0.1ms)[0m  [1m[34mSELECT "ar_internal_metadata".* FROM "ar_internal_metadata" WHERE "ar_internal_metadata"."key" = $1 LIMIT $2[0m  [["key", "environment"], ["LIMIT", 1]]
  [1m[35m (0.1ms)[0m  [1m[35mBEGIN[0m
  [1m[36mActiveRecord::InternalMetadata Update (0.3ms)[0m  [1m[33mUPDATE "ar_internal_metadata" SET "value" = $1, "updated_at" = $2 WHERE "ar_internal_metadata"."key" = $3[0m  [["value", "test"], ["updated_at", "2020-01-08 21:54:26.565588"], ["key", "environment"]]
  [1m[35m (0.4ms)[0m  [1m[35mCOMMIT[0m
  [1m[36mActiveRecord::InternalMetadata Load (0.4ms)[0m  [1m[34mSELECT "ar_internal_metadata".* FROM "ar_internal_metadata" WHERE "ar_internal_metadata"."key" = $1 LIMIT $2[0m  [["key", "schema_sha1"], ["LIMIT", 1]]
  [1m[35m (0.2ms)[0m  [1m[35mBEGIN[0m
  [1m[36mActiveRecord::InternalMetadata Create (0.4ms)[0m  [1m[32mINSERT INTO "ar_internal_metadata" ("key", "value", "created_at", "updated_at") VALUES ($1, $2, $3, $4) RETURNING "key"[0m  [["key", "schema_sha1"], ["value", "cddcf5167cf09ba9240d7649a6bf614a1352c463"], ["created_at", "2020-01-08 21:54:26.580937"], ["updated_at", "2020-01-08 21:54:26.580937"]]
  [1m[35m (0.4ms)[0m  [1m[35mCOMMIT[0m
  [1m[35m (0.7ms)[0m  [1m[34mSELECT "schema_migrations"."version" FROM "schema_migrations" ORDER BY "schema_migrations"."version" ASC[0m
  [1m[36mUser Load (0.5ms)[0m  [1m[34mSELECT "users".* FROM "users"[0m
  [1m[36mPantry Load (0.3ms)[0m  [1m[34mSELECT "pantries".* FROM "pantries"[0m
  [1m[36mCategory Load (0.3ms)[0m  [1m[34mSELECT "categories".* FROM "categories"[0m
  [1m[35m (0.2ms)[0m  [1m[35mBEGIN[0m
  [1m[36mUser Exists? (0.7ms)[0m  [1m[34mSELECT 1 AS one FROM "users" WHERE LOWER("users"."username") = LOWER($1) LIMIT $2[0m  [["username", "jasminnancy"], ["LIMIT", 1]]
  [1m[36mUser Create (0.6ms)[0m  [1m[32mINSERT INTO "users" ("username", "password_digest", "created_at", "updated_at") VALUES ($1, $2, $3, $4) RETURNING "id"[0m  [["username", "jasminnancy"], ["password_digest", "$2a$12$OlDaDH/jpYfNMuawFtdRTeg3Iribs5JYKOhHsusM.E3UjBFQq5p9C"], ["created_at", "2020-01-08 21:54:26.806205"], ["updated_at", "2020-01-08 21:54:26.806205"]]
  [1m[35m (0.5ms)[0m  [1m[35mCOMMIT[0m
  [1m[35m (0.1ms)[0m  [1m[35mBEGIN[0m
  [1m[36mUser Load (0.2ms)[0m  [1m[34mSELECT "users".* FROM "users" WHERE "users"."id" = $1 LIMIT $2[0m  [["id", 1], ["LIMIT", 1]]
  [1m[36mPantry Create (0.4ms)[0m  [1m[32mINSERT INTO "pantries" ("user_id", "name", "created_at", "updated_at") VALUES ($1, $2, $3, $4) RETURNING "id"[0m  [["user_id", 1], ["name", "Test Pantry"], ["created_at", "2020-01-08 21:54:26.817900"], ["updated_at", "2020-01-08 21:54:26.817900"]]
  [1m[35m (0.4ms)[0m  [1m[35mCOMMIT[0m
  [1m[36mUser Load (0.3ms)[0m  [1m[34mSELECT "users".* FROM "users" LIMIT $1[0m  [["LIMIT", 11]]
  [1m[35m (0.5ms)[0m  [1m[34mSELECT "schema_migrations"."version" FROM "schema_migrations" ORDER BY "schema_migrations"."version" ASC[0m
  [1m[35m (0.3ms)[0m  [1m[34mSELECT "ar_internal_metadata"."value" FROM "ar_internal_metadata" WHERE "ar_internal_metadata"."key" = $1[0m  [["key", "environment"]]
  [1m[35m (0.1ms)[0m  [1m[34mSELECT "schema_migrations"."version" FROM "schema_migrations" ORDER BY "schema_migrations"."version" ASC[0m
  [1m[35m (0.1ms)[0m  [1m[34mSELECT "ar_internal_metadata"."value" FROM "ar_internal_metadata" WHERE "ar_internal_metadata"."key" = $1[0m  [["key", "environment"]]
  [1m[35m (0.2ms)[0m  [1m[34mSELECT "schema_migrations"."version" FROM "schema_migrations" ORDER BY "schema_migrations"."version" ASC[0m
  [1m[35m (0.1ms)[0m  [1m[34mSELECT "ar_internal_metadata"."value" FROM "ar_internal_metadata" WHERE "ar_internal_metadata"."key" = $1[0m  [["key", "environment"]]
  [1m[35mSQL (0.2ms)[0m  [1m[35mCREATE EXTENSION IF NOT EXISTS "plpgsql"[0m
  [1m[35m (3.4ms)[0m  [1m[35mDROP TABLE IF EXISTS "categories" CASCADE[0m
  [1m[35m (4.6ms)[0m  [1m[35mCREATE TABLE "categories" ("id" bigserial primary key, "name" character varying, "item_id" integer, "created_at" timestamp(6) NOT NULL, "updated_at" timestamp(6) NOT NULL)[0m
  [1m[35m (2.0ms)[0m  [1m[35mDROP TABLE IF EXISTS "items" CASCADE[0m
  [1m[35m (3.3ms)[0m  [1m[35mCREATE TABLE "items" ("id" bigserial primary key, "name" character varying, "pantry_id" integer, "created_at" timestamp(6) NOT NULL, "updated_at" timestamp(6) NOT NULL)[0m
  [1m[35m (1.7ms)[0m  [1m[35mDROP TABLE IF EXISTS "pantries" CASCADE[0m
  [1m[35m (3.2ms)[0m  [1m[35mCREATE TABLE "pantries" ("id" bigserial primary key, "user_id" integer, "name" character varying, "created_at" timestamp(6) NOT NULL, "updated_at" timestamp(6) NOT NULL)[0m
  [1m[35m (2.2ms)[0m  [1m[35mDROP TABLE IF EXISTS "users" CASCADE[0m
  [1m[35m (3.1ms)[0m  [1m[35mCREATE TABLE "users" ("id" bigserial primary key, "username" character varying, "password_digest" character varying, "email" character varying, "created_at" timestamp(6) NOT NULL, "updated_at" timestamp(6) NOT NULL)[0m
  [1m[35m (0.5ms)[0m  [1m[34mSELECT "schema_migrations"."version" FROM "schema_migrations" ORDER BY "schema_migrations"."version" ASC[0m
  [1m[36mActiveRecord::InternalMetadata Load (0.3ms)[0m  [1m[34mSELECT "ar_internal_metadata".* FROM "ar_internal_metadata" WHERE "ar_internal_metadata"."key" = $1 LIMIT $2[0m  [["key", "environment"], ["LIMIT", 1]]
  [1m[36mActiveRecord::InternalMetadata Load (0.2ms)[0m  [1m[34mSELECT "ar_internal_metadata".* FROM "ar_internal_metadata" WHERE "ar_internal_metadata"."key" = $1 LIMIT $2[0m  [["key", "environment"], ["LIMIT", 1]]
  [1m[36mActiveRecord::InternalMetadata Load (0.1ms)[0m  [1m[34mSELECT "ar_internal_metadata".* FROM "ar_internal_metadata" WHERE "ar_internal_metadata"."key" = $1 LIMIT $2[0m  [["key", "schema_sha1"], ["LIMIT", 1]]
  [1m[35mSQL (0.2ms)[0m  [1m[35mCREATE EXTENSION IF NOT EXISTS "plpgsql"[0m
  [1m[35m (2.8ms)[0m  [1m[35mDROP TABLE IF EXISTS "categories" CASCADE[0m
  [1m[35m (4.6ms)[0m  [1m[35mCREATE TABLE "categories" ("id" bigserial primary key, "name" character varying, "item_id" integer, "created_at" timestamp(6) NOT NULL, "updated_at" timestamp(6) NOT NULL)[0m
  [1m[35m (2.0ms)[0m  [1m[35mDROP TABLE IF EXISTS "items" CASCADE[0m
  [1m[35m (4.9ms)[0m  [1m[35mCREATE TABLE "items" ("id" bigserial primary key, "name" character varying, "pantry_id" integer, "created_at" timestamp(6) NOT NULL, "updated_at" timestamp(6) NOT NULL)[0m
  [1m[35m (1.7ms)[0m  [1m[35mDROP TABLE IF EXISTS "pantries" CASCADE[0m
  [1m[35m (3.7ms)[0m  [1m[35mCREATE TABLE "pantries" ("id" bigserial primary key, "user_id" integer, "name" character varying, "created_at" timestamp(6) NOT NULL, "updated_at" timestamp(6) NOT NULL)[0m
  [1m[35m (2.3ms)[0m  [1m[35mDROP TABLE IF EXISTS "users" CASCADE[0m
  [1m[35m (3.0ms)[0m  [1m[35mCREATE TABLE "users" ("id" bigserial primary key, "username" character varying, "password_digest" character varying, "email" character varying, "created_at" timestamp(6) NOT NULL, "updated_at" timestamp(6) NOT NULL)[0m
  [1m[35m (0.5ms)[0m  [1m[34mSELECT "schema_migrations"."version" FROM "schema_migrations" ORDER BY "schema_migrations"."version" ASC[0m
  [1m[36mActiveRecord::InternalMetadata Load (0.5ms)[0m  [1m[34mSELECT "ar_internal_metadata".* FROM "ar_internal_metadata" WHERE "ar_internal_metadata"."key" = $1 LIMIT $2[0m  [["key", "environment"], ["LIMIT", 1]]
  [1m[35m (0.1ms)[0m  [1m[35mBEGIN[0m
  [1m[36mActiveRecord::InternalMetadata Update (0.3ms)[0m  [1m[33mUPDATE "ar_internal_metadata" SET "value" = $1, "updated_at" = $2 WHERE "ar_internal_metadata"."key" = $3[0m  [["value", "development"], ["updated_at", "2020-01-08 21:55:05.176297"], ["key", "environment"]]
  [1m[35m (0.3ms)[0m  [1m[35mCOMMIT[0m
  [1m[36mActiveRecord::InternalMetadata Load (0.2ms)[0m  [1m[34mSELECT "ar_internal_metadata".* FROM "ar_internal_metadata" WHERE "ar_internal_metadata"."key" = $1 LIMIT $2[0m  [["key", "environment"], ["LIMIT", 1]]
  [1m[35m (0.1ms)[0m  [1m[35mBEGIN[0m
  [1m[36mActiveRecord::InternalMetadata Update (0.2ms)[0m  [1m[33mUPDATE "ar_internal_metadata" SET "value" = $1, "updated_at" = $2 WHERE "ar_internal_metadata"."key" = $3[0m  [["value", "test"], ["updated_at", "2020-01-08 21:55:05.180387"], ["key", "environment"]]
  [1m[35m (0.3ms)[0m  [1m[35mCOMMIT[0m
  [1m[36mActiveRecord::InternalMetadata Load (0.2ms)[0m  [1m[34mSELECT "ar_internal_metadata".* FROM "ar_internal_metadata" WHERE "ar_internal_metadata"."key" = $1 LIMIT $2[0m  [["key", "schema_sha1"], ["LIMIT", 1]]
  [1m[36mUser Load (0.3ms)[0m  [1m[34mSELECT "users".* FROM "users" LIMIT $1[0m  [["LIMIT", 11]]
  [1m[36mPantry Load (0.6ms)[0m  [1m[34mSELECT "pantries".* FROM "pantries" LIMIT $1[0m  [["LIMIT", 11]]
  [1m[35m (0.5ms)[0m  [1m[34mSELECT "schema_migrations"."version" FROM "schema_migrations" ORDER BY "schema_migrations"."version" ASC[0m
  [1m[36mUser Load (0.4ms)[0m  [1m[34mSELECT "users".* FROM "users"[0m
  [1m[36mPantry Load (0.3ms)[0m  [1m[34mSELECT "pantries".* FROM "pantries"[0m
  [1m[36mCategory Load (0.3ms)[0m  [1m[34mSELECT "categories".* FROM "categories"[0m
  [1m[35m (0.1ms)[0m  [1m[35mBEGIN[0m
  [1m[36mUser Exists? (0.4ms)[0m  [1m[34mSELECT 1 AS one FROM "users" WHERE LOWER("users"."username") = LOWER($1) LIMIT $2[0m  [["username", "jasminnancy"], ["LIMIT", 1]]
  [1m[36mUser Create (0.4ms)[0m  [1m[32mINSERT INTO "users" ("username", "password_digest", "created_at", "updated_at") VALUES ($1, $2, $3, $4) RETURNING "id"[0m  [["username", "jasminnancy"], ["password_digest", "$2a$12$6HX9RVCO4Z51Ylv5IHu4QO5G5dh61tVR1iwewnmAntmhrQ4k.bueu"], ["created_at", "2020-01-08 21:55:23.799684"], ["updated_at", "2020-01-08 21:55:23.799684"]]
  [1m[35m (0.6ms)[0m  [1m[35mCOMMIT[0m
  [1m[35m (0.1ms)[0m  [1m[35mBEGIN[0m
  [1m[36mUser Load (0.2ms)[0m  [1m[34mSELECT "users".* FROM "users" WHERE "users"."id" = $1 LIMIT $2[0m  [["id", 1], ["LIMIT", 1]]
  [1m[36mPantry Create (0.4ms)[0m  [1m[32mINSERT INTO "pantries" ("user_id", "name", "created_at", "updated_at") VALUES ($1, $2, $3, $4) RETURNING "id"[0m  [["user_id", 1], ["name", "Test Pantry"], ["created_at", "2020-01-08 21:55:23.811069"], ["updated_at", "2020-01-08 21:55:23.811069"]]
  [1m[35m (0.4ms)[0m  [1m[35mCOMMIT[0m
  [1m[36mCategory Load (0.3ms)[0m  [1m[34mSELECT "categories".* FROM "categories" LIMIT $1[0m  [["LIMIT", 11]]
  [1m[35m (0.5ms)[0m  [1m[34mSELECT "schema_migrations"."version" FROM "schema_migrations" ORDER BY "schema_migrations"."version" ASC[0m
  [1m[35m (0.1ms)[0m  [1m[34mSELECT "schema_migrations"."version" FROM "schema_migrations" ORDER BY "schema_migrations"."version" ASC[0m
  [1m[35m (0.1ms)[0m  [1m[34mSELECT "schema_migrations"."version" FROM "schema_migrations" ORDER BY "schema_migrations"."version" ASC[0m
  [1m[35m (0.2ms)[0m  [1m[34mSELECT pg_try_advisory_lock(5048500094563289490)[0m
  [1m[35m (0.1ms)[0m  [1m[34mSELECT "schema_migrations"."version" FROM "schema_migrations" ORDER BY "schema_migrations"."version" ASC[0m
Migrating to CreateItems (20200108214918)
  [1m[35m (0.1ms)[0m  [1m[35mBEGIN[0m
  [1m[35m (1.5ms)[0m  [1m[35mDROP TABLE "items"[0m
  [1m[36mprimary::SchemaMigration Destroy (0.5ms)[0m  [1m[31mDELETE FROM "schema_migrations" WHERE "schema_migrations"."version" = $1[0m  [["version", "20200108214918"]]
  [1m[35m (2.2ms)[0m  [1m[35mCOMMIT[0m
  [1m[35m (0.2ms)[0m  [1m[34mSELECT pg_advisory_unlock(5048500094563289490)[0m
  [1m[35m (0.6ms)[0m  [1m[34mSELECT "schema_migrations"."version" FROM "schema_migrations" ORDER BY "schema_migrations"."version" ASC[0m
  [1m[35m (0.5ms)[0m  [1m[34mSELECT "schema_migrations"."version" FROM "schema_migrations" ORDER BY "schema_migrations"."version" ASC[0m
  [1m[35m (0.1ms)[0m  [1m[34mSELECT "schema_migrations"."version" FROM "schema_migrations" ORDER BY "schema_migrations"."version" ASC[0m
  [1m[35m (0.1ms)[0m  [1m[34mSELECT "schema_migrations"."version" FROM "schema_migrations" ORDER BY "schema_migrations"."version" ASC[0m
  [1m[35m (0.1ms)[0m  [1m[34mSELECT pg_try_advisory_lock(5048500094563289490)[0m
  [1m[35m (0.2ms)[0m  [1m[34mSELECT "schema_migrations"."version" FROM "schema_migrations" ORDER BY "schema_migrations"."version" ASC[0m
Migrating to CreateCategories (20200108212327)
  [1m[35m (0.1ms)[0m  [1m[35mBEGIN[0m
  [1m[35m (1.4ms)[0m  [1m[35mDROP TABLE "categories"[0m
  [1m[36mprimary::SchemaMigration Destroy (0.4ms)[0m  [1m[31mDELETE FROM "schema_migrations" WHERE "schema_migrations"."version" = $1[0m  [["version", "20200108212327"]]
  [1m[35m (1.3ms)[0m  [1m[35mCOMMIT[0m
  [1m[35m (0.7ms)[0m  [1m[34mSELECT pg_advisory_unlock(5048500094563289490)[0m
  [1m[35m (0.5ms)[0m  [1m[34mSELECT "schema_migrations"."version" FROM "schema_migrations" ORDER BY "schema_migrations"."version" ASC[0m
  [1m[35m (0.5ms)[0m  [1m[34mSELECT "schema_migrations"."version" FROM "schema_migrations" ORDER BY "schema_migrations"."version" ASC[0m
  [1m[35m (0.1ms)[0m  [1m[34mSELECT "schema_migrations"."version" FROM "schema_migrations" ORDER BY "schema_migrations"."version" ASC[0m
  [1m[35m (0.1ms)[0m  [1m[34mSELECT "schema_migrations"."version" FROM "schema_migrations" ORDER BY "schema_migrations"."version" ASC[0m
  [1m[35m (0.1ms)[0m  [1m[34mSELECT pg_try_advisory_lock(5048500094563289490)[0m
  [1m[35m (0.1ms)[0m  [1m[34mSELECT "schema_migrations"."version" FROM "schema_migrations" ORDER BY "schema_migrations"."version" ASC[0m
Migrating to CreatePantry (20200104184855)
  [1m[35m (0.2ms)[0m  [1m[35mBEGIN[0m
  [1m[35m (1.4ms)[0m  [1m[35mDROP TABLE "pantries"[0m
  [1m[36mprimary::SchemaMigration Destroy (0.4ms)[0m  [1m[31mDELETE FROM "schema_migrations" WHERE "schema_migrations"."version" = $1[0m  [["version", "20200104184855"]]
  [1m[35m (1.9ms)[0m  [1m[35mCOMMIT[0m
  [1m[35m (0.2ms)[0m  [1m[34mSELECT pg_advisory_unlock(5048500094563289490)[0m
  [1m[35m (0.6ms)[0m  [1m[34mSELECT "schema_migrations"."version" FROM "schema_migrations" ORDER BY "schema_migrations"."version" ASC[0m
  [1m[35m (0.5ms)[0m  [1m[34mSELECT "schema_migrations"."version" FROM "schema_migrations" ORDER BY "schema_migrations"."version" ASC[0m
  [1m[35m (0.1ms)[0m  [1m[34mSELECT "schema_migrations"."version" FROM "schema_migrations" ORDER BY "schema_migrations"."version" ASC[0m
  [1m[35m (0.1ms)[0m  [1m[34mSELECT "schema_migrations"."version" FROM "schema_migrations" ORDER BY "schema_migrations"."version" ASC[0m
  [1m[35m (0.1ms)[0m  [1m[34mSELECT pg_try_advisory_lock(5048500094563289490)[0m
  [1m[35m (0.1ms)[0m  [1m[34mSELECT "schema_migrations"."version" FROM "schema_migrations" ORDER BY "schema_migrations"."version" ASC[0m
Migrating to CreateUsers (20191115180448)
  [1m[35m (0.2ms)[0m  [1m[35mBEGIN[0m
  [1m[35m (1.7ms)[0m  [1m[35mDROP TABLE "users"[0m
  [1m[36mprimary::SchemaMigration Destroy (0.5ms)[0m  [1m[31mDELETE FROM "schema_migrations" WHERE "schema_migrations"."version" = $1[0m  [["version", "20191115180448"]]
  [1m[35m (1.4ms)[0m  [1m[35mCOMMIT[0m
  [1m[35m (0.5ms)[0m  [1m[34mSELECT pg_advisory_unlock(5048500094563289490)[0m
  [1m[35m (0.6ms)[0m  [1m[34mSELECT "schema_migrations"."version" FROM "schema_migrations" ORDER BY "schema_migrations"."version" ASC[0m
  [1m[35m (0.2ms)[0m  [1m[34mSELECT pg_try_advisory_lock(5048500094563289490)[0m
  [1m[35m (0.5ms)[0m  [1m[34mSELECT "schema_migrations"."version" FROM "schema_migrations" ORDER BY "schema_migrations"."version" ASC[0m
Migrating to CreateUsers (20191115180448)
  [1m[35m (0.1ms)[0m  [1m[35mBEGIN[0m
  [1m[35m (3.9ms)[0m  [1m[35mCREATE TABLE "users" ("id" bigserial primary key, "username" character varying, "password_digest" character varying, "email" character varying, "created_at" timestamp(6) NOT NULL, "updated_at" timestamp(6) NOT NULL)[0m
  [1m[36mprimary::SchemaMigration Create (0.3ms)[0m  [1m[32mINSERT INTO "schema_migrations" ("version") VALUES ($1) RETURNING "version"[0m  [["version", "20191115180448"]]
  [1m[35m (0.3ms)[0m  [1m[35mCOMMIT[0m
Migrating to CreatePantry (20200104184855)
  [1m[35m (0.2ms)[0m  [1m[35mBEGIN[0m
  [1m[35m (3.4ms)[0m  [1m[35mCREATE TABLE "pantries" ("id" bigserial primary key, "user_id" integer, "name" character varying, "created_at" timestamp(6) NOT NULL, "updated_at" timestamp(6) NOT NULL)[0m
  [1m[36mprimary::SchemaMigration Create (0.2ms)[0m  [1m[32mINSERT INTO "schema_migrations" ("version") VALUES ($1) RETURNING "version"[0m  [["version", "20200104184855"]]
  [1m[35m (0.3ms)[0m  [1m[35mCOMMIT[0m
Migrating to CreateCategories (20200108212327)
  [1m[35m (0.2ms)[0m  [1m[35mBEGIN[0m
  [1m[35m (2.7ms)[0m  [1m[35mCREATE TABLE "categories" ("id" bigserial primary key, "name" character varying, "created_at" timestamp(6) NOT NULL, "updated_at" timestamp(6) NOT NULL)[0m
  [1m[36mprimary::SchemaMigration Create (0.2ms)[0m  [1m[32mINSERT INTO "schema_migrations" ("version") VALUES ($1) RETURNING "version"[0m  [["version", "20200108212327"]]
  [1m[35m (0.3ms)[0m  [1m[35mCOMMIT[0m
Migrating to CreateItems (20200108214918)
  [1m[35m (0.2ms)[0m  [1m[35mBEGIN[0m
  [1m[35m (2.7ms)[0m  [1m[35mCREATE TABLE "items" ("id" bigserial primary key, "name" character varying, "pantry_id" integer, "category_id" integer, "created_at" timestamp(6) NOT NULL, "updated_at" timestamp(6) NOT NULL)[0m
  [1m[36mprimary::SchemaMigration Create (0.2ms)[0m  [1m[32mINSERT INTO "schema_migrations" ("version") VALUES ($1) RETURNING "version"[0m  [["version", "20200108214918"]]
  [1m[35m (0.3ms)[0m  [1m[35mCOMMIT[0m
  [1m[36mActiveRecord::InternalMetadata Load (0.3ms)[0m  [1m[34mSELECT "ar_internal_metadata".* FROM "ar_internal_metadata" WHERE "ar_internal_metadata"."key" = $1 LIMIT $2[0m  [["key", "environment"], ["LIMIT", 1]]
  [1m[35m (0.1ms)[0m  [1m[34mSELECT pg_advisory_unlock(5048500094563289490)[0m
  [1m[35m (0.6ms)[0m  [1m[34mSELECT "schema_migrations"."version" FROM "schema_migrations" ORDER BY "schema_migrations"."version" ASC[0m
  [1m[36mUser Load (0.4ms)[0m  [1m[34mSELECT "users".* FROM "users" LIMIT $1[0m  [["LIMIT", 11]]
  [1m[36mCategory Load (0.7ms)[0m  [1m[34mSELECT "categories".* FROM "categories" LIMIT $1[0m  [["LIMIT", 11]]
  [1m[36mItem Load (0.9ms)[0m  [1m[34mSELECT "items".* FROM "items" LIMIT $1[0m  [["LIMIT", 11]]
  [1m[36mPantry Load (0.6ms)[0m  [1m[34mSELECT "pantries".* FROM "pantries" LIMIT $1[0m  [["LIMIT", 11]]
  [1m[35m (0.5ms)[0m  [1m[34mSELECT "schema_migrations"."version" FROM "schema_migrations" ORDER BY "schema_migrations"."version" ASC[0m
  [1m[36mUser Load (0.4ms)[0m  [1m[34mSELECT "users".* FROM "users"[0m
  [1m[36mPantry Load (0.3ms)[0m  [1m[34mSELECT "pantries".* FROM "pantries"[0m
  [1m[36mCategory Load (0.3ms)[0m  [1m[34mSELECT "categories".* FROM "categories"[0m
  [1m[35m (0.1ms)[0m  [1m[35mBEGIN[0m
  [1m[36mUser Exists? (0.4ms)[0m  [1m[34mSELECT 1 AS one FROM "users" WHERE LOWER("users"."username") = LOWER($1) LIMIT $2[0m  [["username", "jasminnancy"], ["LIMIT", 1]]
  [1m[36mUser Create (0.8ms)[0m  [1m[32mINSERT INTO "users" ("username", "password_digest", "created_at", "updated_at") VALUES ($1, $2, $3, $4) RETURNING "id"[0m  [["username", "jasminnancy"], ["password_digest", "$2a$12$iagaMivwtJ7c0r02mHfxUukN3W/vDXlQeEC/agKeuK1fA1EyF.boO"], ["created_at", "2020-01-08 21:57:31.242615"], ["updated_at", "2020-01-08 21:57:31.242615"]]
  [1m[35m (0.9ms)[0m  [1m[35mCOMMIT[0m
  [1m[35m (0.1ms)[0m  [1m[35mBEGIN[0m
  [1m[36mUser Load (0.2ms)[0m  [1m[34mSELECT "users".* FROM "users" WHERE "users"."id" = $1 LIMIT $2[0m  [["id", 1], ["LIMIT", 1]]
  [1m[36mPantry Create (0.4ms)[0m  [1m[32mINSERT INTO "pantries" ("user_id", "name", "created_at", "updated_at") VALUES ($1, $2, $3, $4) RETURNING "id"[0m  [["user_id", 1], ["name", "Test Pantry"], ["created_at", "2020-01-08 21:57:31.254881"], ["updated_at", "2020-01-08 21:57:31.254881"]]
  [1m[35m (0.4ms)[0m  [1m[35mCOMMIT[0m
  [1m[36mCategory Load (0.3ms)[0m  [1m[34mSELECT "categories".* FROM "categories" LIMIT $1[0m  [["LIMIT", 11]]
  [1m[36mCategory Load (0.6ms)[0m  [1m[34mSELECT "categories".* FROM "categories" LIMIT $1[0m  [["LIMIT", 11]]
  [1m[36mPantry Load (0.4ms)[0m  [1m[34mSELECT "pantries".* FROM "pantries" LIMIT $1[0m  [["LIMIT", 11]]
  [1m[36mUser Load (0.5ms)[0m  [1m[34mSELECT "users".* FROM "users" LIMIT $1[0m  [["LIMIT", 11]]
  [1m[35m (0.1ms)[0m  [1m[35mBEGIN[0m
  [1m[36mCategory Create (0.7ms)[0m  [1m[32mINSERT INTO "categories" ("name", "created_at", "updated_at") VALUES ($1, $2, $3) RETURNING "id"[0m  [["name", "Alcohol"], ["created_at", "2020-01-08 21:58:54.895650"], ["updated_at", "2020-01-08 21:58:54.895650"]]
  [1m[35m (0.4ms)[0m  [1m[35mCOMMIT[0m
  [1m[35m (0.3ms)[0m  [1m[35mBEGIN[0m
  [1m[36mCategory Create (0.5ms)[0m  [1m[32mINSERT INTO "categories" ("name", "created_at", "updated_at") VALUES ($1, $2, $3) RETURNING "id"[0m  [["name", "Beverages"], ["created_at", "2020-01-08 21:59:01.064807"], ["updated_at", "2020-01-08 21:59:01.064807"]]
  [1m[35m (0.7ms)[0m  [1m[35mCOMMIT[0m
  [1m[35m (0.3ms)[0m  [1m[35mBEGIN[0m
  [1m[36mCategory Create (0.6ms)[0m  [1m[32mINSERT INTO "categories" ("name", "created_at", "updated_at") VALUES ($1, $2, $3) RETURNING "id"[0m  [["name", "Baking and Grains"], ["created_at", "2020-01-08 21:59:06.411574"], ["updated_at", "2020-01-08 21:59:06.411574"]]
  [1m[35m (0.7ms)[0m  [1m[35mCOMMIT[0m
  [1m[35m (0.3ms)[0m  [1m[35mBEGIN[0m
  [1m[36mCategory Create (0.5ms)[0m  [1m[32mINSERT INTO "categories" ("name", "created_at", "updated_at") VALUES ($1, $2, $3) RETURNING "id"[0m  [["name", "Boxed Foods"], ["created_at", "2020-01-08 21:59:11.239537"], ["updated_at", "2020-01-08 21:59:11.239537"]]
  [1m[35m (0.7ms)[0m  [1m[35mCOMMIT[0m
  [1m[35m (0.2ms)[0m  [1m[35mBEGIN[0m
  [1m[36mCategory Create (0.5ms)[0m  [1m[32mINSERT INTO "categories" ("name", "created_at", "updated_at") VALUES ($1, $2, $3) RETURNING "id"[0m  [["name", "Canned Foods"], ["created_at", "2020-01-08 21:59:15.764512"], ["updated_at", "2020-01-08 21:59:15.764512"]]
  [1m[35m (0.7ms)[0m  [1m[35mCOMMIT[0m
  [1m[35m (0.3ms)[0m  [1m[35mBEGIN[0m
  [1m[36mCategory Create (0.7ms)[0m  [1m[32mINSERT INTO "categories" ("name", "created_at", "updated_at") VALUES ($1, $2, $3) RETURNING "id"[0m  [["name", "Condiments"], ["created_at", "2020-01-08 21:59:15.774286"], ["updated_at", "2020-01-08 21:59:15.774286"]]
  [1m[35m (0.4ms)[0m  [1m[35mCOMMIT[0m
  [1m[35m (0.2ms)[0m  [1m[35mBEGIN[0m
  [1m[36mCategory Create (0.3ms)[0m  [1m[32mINSERT INTO "categories" ("name", "created_at", "updated_at") VALUES ($1, $2, $3) RETURNING "id"[0m  [["name", "Dairy"], ["created_at", "2020-01-08 21:59:15.777834"], ["updated_at", "2020-01-08 21:59:15.777834"]]
  [1m[35m (0.3ms)[0m  [1m[35mCOMMIT[0m
  [1m[35m (0.1ms)[0m  [1m[35mBEGIN[0m
  [1m[36mCategory Create (0.3ms)[0m  [1m[32mINSERT INTO "categories" ("name", "created_at", "updated_at") VALUES ($1, $2, $3) RETURNING "id"[0m  [["name", "Fish and Seafood"], ["created_at", "2020-01-08 21:59:15.780657"], ["updated_at", "2020-01-08 21:59:15.780657"]]
  [1m[35m (0.3ms)[0m  [1m[35mCOMMIT[0m
  [1m[35m (0.2ms)[0m  [1m[35mBEGIN[0m
  [1m[36mCategory Create (0.8ms)[0m  [1m[32mINSERT INTO "categories" ("name", "created_at", "updated_at") VALUES ($1, $2, $3) RETURNING "id"[0m  [["name", "Fruits"], ["created_at", "2020-01-08 21:59:15.789331"], ["updated_at", "2020-01-08 21:59:15.789331"]]
  [1m[35m (0.3ms)[0m  [1m[35mCOMMIT[0m
  [1m[35m (0.1ms)[0m  [1m[35mBEGIN[0m
  [1m[36mCategory Create (0.3ms)[0m  [1m[32mINSERT INTO "categories" ("name", "created_at", "updated_at") VALUES ($1, $2, $3) RETURNING "id"[0m  [["name", "Meats"], ["created_at", "2020-01-08 21:59:15.792766"], ["updated_at", "2020-01-08 21:59:15.792766"]]
  [1m[35m (0.2ms)[0m  [1m[35mCOMMIT[0m
  [1m[35m (0.1ms)[0m  [1m[35mBEGIN[0m
  [1m[36mCategory Create (0.3ms)[0m  [1m[32mINSERT INTO "categories" ("name", "created_at", "updated_at") VALUES ($1, $2, $3) RETURNING "id"[0m  [["name", "Sauces and Seasonings"], ["created_at", "2020-01-08 21:59:15.794779"], ["updated_at", "2020-01-08 21:59:15.794779"]]
  [1m[35m (0.3ms)[0m  [1m[35mCOMMIT[0m
  [1m[35m (0.1ms)[0m  [1m[35mBEGIN[0m
  [1m[36mCategory Create (0.3ms)[0m  [1m[32mINSERT INTO "categories" ("name", "created_at", "updated_at") VALUES ($1, $2, $3) RETURNING "id"[0m  [["name", "Snacks"], ["created_at", "2020-01-08 21:59:15.796696"], ["updated_at", "2020-01-08 21:59:15.796696"]]
  [1m[35m (0.2ms)[0m  [1m[35mCOMMIT[0m
  [1m[35m (0.1ms)[0m  [1m[35mBEGIN[0m
  [1m[36mCategory Create (0.2ms)[0m  [1m[32mINSERT INTO "categories" ("name", "created_at", "updated_at") VALUES ($1, $2, $3) RETURNING "id"[0m  [["name", "Spices"], ["created_at", "2020-01-08 21:59:15.798544"], ["updated_at", "2020-01-08 21:59:15.798544"]]
  [1m[35m (0.2ms)[0m  [1m[35mCOMMIT[0m
  [1m[35m (0.4ms)[0m  [1m[35mBEGIN[0m
  [1m[36mCategory Create (0.4ms)[0m  [1m[32mINSERT INTO "categories" ("name", "created_at", "updated_at") VALUES ($1, $2, $3) RETURNING "id"[0m  [["name", "Vegetables"], ["created_at", "2020-01-08 21:59:16.617097"], ["updated_at", "2020-01-08 21:59:16.617097"]]
  [1m[35m (0.7ms)[0m  [1m[35mCOMMIT[0m
  [1m[36mCategory Load (0.5ms)[0m  [1m[34mSELECT "categories".* FROM "categories" LIMIT $1[0m  [["LIMIT", 11]]
  [1m[35m (1.4ms)[0m  [1m[34mSELECT COUNT(*) FROM "categories"[0m
  [1m[36mCategory Load (0.3ms)[0m  [1m[34mSELECT "categories".* FROM "categories" LIMIT $1[0m  [["LIMIT", 11]]
  [1m[36mCategory Load (0.5ms)[0m  [1m[34mSELECT "categories".* FROM "categories" ORDER BY "categories"."id" ASC LIMIT $1[0m  [["LIMIT", 1]]
  [1m[36mCategory Load (0.7ms)[0m  [1m[34mSELECT "categories".* FROM "categories" ORDER BY "categories"."id" ASC LIMIT $1[0m  [["LIMIT", 1]]
  [1m[36mItem Load (0.3ms)[0m  [1m[34mSELECT "items".* FROM "items" WHERE "items"."category_id" = $1 LIMIT $2[0m  [["category_id", 1], ["LIMIT", 11]]
  [1m[36mItem Load (0.3ms)[0m  [1m[34mSELECT "items".* FROM "items" LIMIT $1[0m  [["LIMIT", 11]]
  [1m[36mUser Load (0.3ms)[0m  [1m[34mSELECT "users".* FROM "users" LIMIT $1[0m  [["LIMIT", 11]]
  [1m[36mUser Load (0.6ms)[0m  [1m[34mSELECT "users".* FROM "users"[0m
  [1m[35m (0.2ms)[0m  [1m[35mBEGIN[0m
  [1m[36mUser Destroy (0.5ms)[0m  [1m[31mDELETE FROM "users" WHERE "users"."id" = $1[0m  [["id", 1]]
  [1m[35m (0.7ms)[0m  [1m[35mCOMMIT[0m
  [1m[36mPantry Load (0.5ms)[0m  [1m[34mSELECT "pantries".* FROM "pantries" LIMIT $1[0m  [["LIMIT", 11]]
  [1m[36mPantry Load (0.6ms)[0m  [1m[34mSELECT "pantries".* FROM "pantries"[0m
  [1m[35m (0.2ms)[0m  [1m[35mBEGIN[0m
  [1m[36mPantry Destroy (0.4ms)[0m  [1m[31mDELETE FROM "pantries" WHERE "pantries"."id" = $1[0m  [["id", 1]]
  [1m[35m (0.6ms)[0m  [1m[35mCOMMIT[0m
  [1m[36mCategory Load (0.4ms)[0m  [1m[34mSELECT "categories".* FROM "categories" LIMIT $1[0m  [["LIMIT", 11]]
